[debug] [2020-09-12T04:48:39.770Z] ----------------------------------------------------------------------
[debug] [2020-09-12T04:48:39.779Z] Command:       C:\Program Files\nodejs\node.exe C:\Users\Sandra\AppData\Roaming\npm\node_modules\firebase-tools\lib\bin\firebase.js init
[debug] [2020-09-12T04:48:39.780Z] CLI Version:   8.10.0
[debug] [2020-09-12T04:48:39.781Z] Platform:      win32
[debug] [2020-09-12T04:48:39.781Z] Node Version:  v12.18.3
[debug] [2020-09-12T04:48:39.784Z] Time:          Fri Sep 11 2020 23:48:39 GMT-0500 (GMT-05:00)
[debug] [2020-09-12T04:48:39.785Z] ----------------------------------------------------------------------
[debug] [2020-09-12T04:48:39.785Z] 
[debug] [2020-09-12T04:48:39.805Z] > command requires scopes: ["email","openid","https://www.googleapis.com/auth/cloudplatformprojects.readonly","https://www.googleapis.com/auth/firebase","https://www.googleapis.com/auth/cloud-platform"]
[debug] [2020-09-12T04:48:39.807Z] > authorizing via signed-in user
[info] 
     ######## #### ########  ######## ########     ###     ######  ########
     ##        ##  ##     ## ##       ##     ##  ##   ##  ##       ##
     ######    ##  ########  ######   ########  #########  ######  ######
     ##        ##  ##    ##  ##       ##     ## ##     ##       ## ##
     ##       #### ##     ## ######## ########  ##     ##  ######  ########

You're about to initialize a Firebase project in this directory:

  D:\LABORATORIA\reto-konecta\reto-koach

Before we get started, keep in mind:

  * You are initializing in an existing Firebase project directory

[info] 
=== Project Setup
[info] 
[info] First, let's associate this project directory with a Firebase project.
[info] You can create multiple project aliases by running firebase use --add, 
[info] but for now we'll just set up a default project.
[info] 
[info] i  .firebaserc already has a default project, using prueba-e5643. 
[debug] [2020-09-12T04:48:47.607Z] >>> HTTP REQUEST GET https://firebase.googleapis.com/v1beta1/projects/prueba-e5643  
 
[debug] [2020-09-12T04:48:48.930Z] <<< HTTP RESPONSE 200 {"content-type":"application/json; charset=UTF-8","vary":"X-Origin, Referer, Origin,Accept-Encoding","date":"Sat, 12 Sep 2020 04:48:51 GMT","server":"ESF","cache-control":"private","x-xss-protection":"0","x-frame-options":"SAMEORIGIN","x-content-type-options":"nosniff","alt-svc":"h3-29=\":443\"; ma=2592000,h3-27=\":443\"; ma=2592000,h3-T051=\":443\"; ma=2592000,h3-T050=\":443\"; ma=2592000,h3-Q050=\":443\"; ma=2592000,h3-Q046=\":443\"; ma=2592000,h3-Q043=\":443\"; ma=2592000,quic=\":443\"; ma=2592000; v=\"46,43\"","accept-ranges":"none","transfer-encoding":"chunked"}
[info] 
=== Hosting Setup
[info] 
[info] Your public directory is the folder (relative to your project directory) that
[info] will contain Hosting assets to be uploaded with firebase deploy. If you
[info] have a build process for your assets, use your build's output directory.
[info] 
